C51 COMPILER V9.57.0.0   MAIN                                                              03/27/2023 21:48:31 PAGE 1   


C51 COMPILER V9.57.0.0, COMPILATION OF MODULE MAIN
OBJECT MODULE PLACED IN .\Objects\main.obj
COMPILER INVOKED BY: D:\keil\keil51\C51\BIN\C51.EXE USER\main.c OPTIMIZE(8,SPEED) BROWSE INCDIR(.\Listings;.\USER;.\USER
                    -\OLED;.\USER\MOTOR;.\USER\TIMER;.\USER\ADC;.\USER\UART;.\USER\EEPROM) DEBUG OBJECTEXTEND PRINT(.\Listings\main.lst) OBJE
                    -CT(.\Objects\main.obj)

line level    source

   1          /********************
   2          定时器0用于motor的pwm使用
   3          定时器1用于定时使用
   4          ********************/
   5          
   6          
   7          #include "stc15w4k.h"
   8          #include "MOTOR.h"
   9          #include "oled.h"
  10          #include "timer.h"
  11          #include "adc.h"
  12          #include "eeprom.h"
  13          #include <intrins.h>
  14          
  15          sbit F1key      = P5 ^ 4;
  16          sbit F2key      = P5 ^ 5;
  17          sbit F3key      = P3 ^ 5;
  18          sbit F4key      = P5 ^ 1;
  19          
  20          int main()
  21          {
  22   1              
  23   1              //u8 dt1=0x1f;
  24   1              P4M1 = 0x00;P4M0 = 0xff; /*P4口:强推挽输出(驱动电机)*/
  25   1              
  26   1              OLED_Init();                    //初始化OLED
  27   1              Timer1_Init();                  //初始化定时器1
  28   1              OLED_Clear();
  29   1              OLED_ShowString(0,0,"yyds",16);_nop_(); 
  30   1              
  31   1              motor_init();
  32   1              
  33   1              //IapEraseSector(0x6600);
  34   1              //DelayMs(1000);
  35   1              //IapProgramByte(0x6600,dt1);
  36   1              OLED_ShowNum(0,6,IapReadByte(0x6600),4,16);
  37   1              
  38   1      
  39   1              
  40   1              /*DelayMs(2000);
  41   1              track_flag=1;*/
  42   1              while(1)
  43   1              {
  44   2      
  45   2      
  46   2                      /*TestIrStatus();
  47   2                      track_PID(40);
  48   2                      power_show();*/
  49   2              }
  50   1              return 0;
  51   1      }
*** WARNING C294 IN LINE 50 OF USER\main.c: unreachable code

C51 COMPILER V9.57.0.0   MAIN                                                              03/27/2023 21:48:31 PAGE 2   


MODULE INFORMATION:   STATIC OVERLAYABLE
   CODE SIZE        =     64    ----
   CONSTANT SIZE    =      5    ----
   XDATA SIZE       =   ----    ----
   PDATA SIZE       =   ----    ----
   DATA SIZE        =   ----    ----
   IDATA SIZE       =   ----    ----
   BIT SIZE         =   ----    ----
END OF MODULE INFORMATION.


C51 COMPILATION COMPLETE.  1 WARNING(S),  0 ERROR(S)
