C51 COMPILER V9.57.0.0   OLED                                                              04/01/2023 21:39:36 PAGE 1   


C51 COMPILER V9.57.0.0, COMPILATION OF MODULE OLED
OBJECT MODULE PLACED IN .\Objects\oled.obj
COMPILER INVOKED BY: D:\keil\keil51\C51\BIN\C51.EXE USER\OLED\oled.c OPTIMIZE(8,SPEED) BROWSE INCDIR(.\Listings;.\USER;.
                    -\USER\OLED;.\USER\MOTOR;.\USER\TIMER;.\USER\ADC;.\USER\UART;.\USER\EEPROM;.\USER\ACTION;.\USER\UART) DEBUG OBJECTEXTEND 
                    -PRINT(.\Listings\oled.lst) OBJECT(.\Objects\oled.obj)

line level    source

   1          //  文 件 名   : oled.c
   2          //  版 本 号   : v1.0
   3          //  作    者   : cl
   4          //  完成日期   : 2019-0518
   5          //  功能描述   : 中景园1.3寸SH1106驱动OLED 4接口库函数相关(51系列)
   6          //              ----------------------------------------------------------------
   7          //              GND  电源地
   8          //              VCC  接5V或3.3v电源
   9          //              D0   （SCL）
  10          //              D1   （SDA）
  11          //              ----------------------------------------------------------------
  12          //******************************************************************************/。
  13          #include "stc15w4k.h"
  14          #include "oled.h"
  15          #include <intrins.h>
  16          sbit OLED_SCL  = P5^3;//时钟 D0（CLK）
  17          sbit OLED_SDIN = P0^5;//数据 D1（SDA）
  18          
  19          
  20          void IIC_Start()
  21          {
  22   1      
  23   1              OLED_SCLK_Set() ;
  24   1              OLED_SDIN_Set();
  25   1              OLED_SDIN_Clr();
  26   1              OLED_SCLK_Clr();
  27   1      }
  28          
  29          
  30          void IIC_Stop()
  31               {
  32   1           OLED_SCLK_Set() ;
  33   1      //      OLED_SCLK_Clr();
  34   1           OLED_SDIN_Clr();
  35   1           OLED_SDIN_Set();
  36   1           }
  37          
  38          void IIC_Wait_Ack()
  39          {
  40   1              OLED_SCLK_Set();
  41   1              OLED_SCLK_Clr();
  42   1      }
  43          /**********************************************
  44          // IIC Write byte
  45          **********************************************/
  46          
  47          void Write_IIC_Byte(unsigned char IIC_Byte)
  48          {
  49   1              unsigned char i;
  50   1              unsigned char m,da;
  51   1              da=IIC_Byte;
  52   1              OLED_SCLK_Clr();
  53   1              for(i=0;i<8;i++)
C51 COMPILER V9.57.0.0   OLED                                                              04/01/2023 21:39:36 PAGE 2   

  54   1              {
  55   2                      m=da;
  56   2                      //      OLED_SCLK_Clr();
  57   2                      m=m&0x80;       //先发高位
  58   2                      if(m==0x80)
  59   2                      {OLED_SDIN_Set();}
  60   2                      else OLED_SDIN_Clr();
  61   2                              da=da<<1;
  62   2                      OLED_SCLK_Set();
  63   2                      OLED_SCLK_Clr();
  64   2              }
  65   1      }
  66          
  67          /**********************************************
  68          // IIC Write Command
  69          **********************************************/
  70          void Write_IIC_Command(unsigned char IIC_Command)
  71          {
  72   1         IIC_Start();
  73   1         Write_IIC_Byte(0x78);            //Slave address,SA0=0
  74   1              IIC_Wait_Ack();
  75   1         Write_IIC_Byte(0x00);                        //write command
  76   1              IIC_Wait_Ack();
  77   1         Write_IIC_Byte(IIC_Command);
  78   1              IIC_Wait_Ack();
  79   1         IIC_Stop();
  80   1      }
  81          /**********************************************
  82          // IIC Write Data
  83          **********************************************/
  84          void Write_IIC_Data(unsigned char IIC_Data)
  85          {
  86   1              IIC_Start();
  87   1              Write_IIC_Byte(0x78);                   //R/W#=0
  88   1              IIC_Wait_Ack();
  89   1              Write_IIC_Byte(0x40);                   //D/C#=1,write data
  90   1              IIC_Wait_Ack();
  91   1              Write_IIC_Byte(IIC_Data);
  92   1              IIC_Wait_Ack();
  93   1              IIC_Stop();
  94   1      }
  95          void OLED_WR_Byte(unsigned dat,unsigned cmd)
  96          {
  97   1              if(cmd)
  98   1              {
  99   2                      Write_IIC_Data(dat);
 100   2              }
 101   1              else {
 102   2                      Write_IIC_Command(dat);
 103   2              }
 104   1      
 105   1      
 106   1      }
 107          
 108          /********************************************
 109          // fill_Picture
 110          ********************************************/
 111          //void fill_picture(unsigned char fill_Data)
 112          //      {
 113          //      unsigned char m,n;
 114          //      for(m=0;m<8;m++)
 115          //              {
C51 COMPILER V9.57.0.0   OLED                                                              04/01/2023 21:39:36 PAGE 3   

 116          //              OLED_WR_Byte(0xb0+m,0);         //page0-page1
 117          //              OLED_WR_Byte(0x02,0);           //low column start address
 118          //              OLED_WR_Byte(0x10,0);           //high column start address
 119          //              for(n=0;n<128;n++)
 120          //                      {
 121          //                      OLED_WR_Byte(fill_Data,1);
 122          //                      }
 123          //              }
 124          //      }
 125          
 126          //坐标设置
 127          
 128          void OLED_Set_Pos(unsigned char x, unsigned char y)
 129          {
 130   1              OLED_WR_Byte(0xb0+y,OLED_CMD);
 131   1              OLED_WR_Byte((((x+2)&0xf0)>>4)|0x10,OLED_CMD);
 132   1              OLED_WR_Byte(((x+2)&0x0f),OLED_CMD);
 133   1      }
 134          //开启OLED显示
 135          //void OLED_Display_On(void)
 136          //  {
 137          //      OLED_WR_Byte(0X8D,OLED_CMD);  //SET DCDC命令
 138          //      OLED_WR_Byte(0X14,OLED_CMD);  //DCDC ON
 139          //      OLED_WR_Byte(0XAF,OLED_CMD);  //DISPLAY ON
 140          //  }
 141          //关闭OLED显示
 142          //void OLED_Display_Off(void)
 143          //      {
 144          //      OLED_WR_Byte(0X8D,OLED_CMD);  //SET DCDC命令
 145          //      OLED_WR_Byte(0X10,OLED_CMD);  //DCDC OFF
 146          //      OLED_WR_Byte(0XAE,OLED_CMD);  //DISPLAY OFF
 147          //      }
 148          //清屏函数,清完屏,整个屏幕是黑色的!和没点亮一样!!!
 149          void OLED_Clear(void)
 150          {
 151   1              u8 i,n;
 152   1              for(i=0;i<8;i++)
 153   1              {
 154   2                      OLED_WR_Byte (0xb0+i,OLED_CMD);    //设置页地址（0~7）
 155   2                      OLED_WR_Byte (0x02,OLED_CMD);      //设置显示位置―列低地址
 156   2                      OLED_WR_Byte (0x10,OLED_CMD);      //设置显示位置―列高地址
 157   2                      for(n=0;n<128;n++)OLED_WR_Byte(0,OLED_DATA);
 158   2              } //更新显示
 159   1      }
 160          //void OLED_On(void)
 161          //      {
 162          //      u8 i,n;
 163          //      for(i=0;i<8;i++)
 164          //              {
 165          //              OLED_WR_Byte (0xb0+i,OLED_CMD);
 166          //              OLED_WR_Byte (0x02,OLED_CMD);
 167          //              OLED_WR_Byte (0x10,OLED_CMD);
 168          //              for(n=0;n<128;n++)OLED_WR_Byte(1,OLED_DATA);
 169          //              }
 170          //      }
 171          //在指定位置显示一个字符,包括部分字符
 172          //x:0~127
 173          //y:0~63
 174          //mode:0,反白显示;1,正常显示
 175          //size:选择字体 16/8
 176          void OLED_ShowChar(u8 x,u8 y,u8 chr,u8 Char_Size)
 177          {
C51 COMPILER V9.57.0.0   OLED                                                              04/01/2023 21:39:36 PAGE 4   

 178   1              unsigned char c=0,i=0;
 179   1              c=chr-' ';//得到偏移后的值
 180   1              if(x>Max_Column-1){x=0;y=y+2;}
 181   1              if(Char_Size ==16)
 182   1                     {
 183   2                      OLED_Set_Pos(x,y);
 184   2                      for(i=0;i<8;i++)
 185   2                              OLED_WR_Byte(F8x16[c*16+i],OLED_DATA);
 186   2                      OLED_Set_Pos(x,y+1);
 187   2                      for(i=0;i<8;i++)
 188   2                              OLED_WR_Byte(F8x16[c*16+i+8],OLED_DATA);
 189   2                      }
 190   1              else    {
 191   2                      OLED_Set_Pos(x,y);
 192   2                      for(i=0;i<6;i++)
 193   2                      OLED_WR_Byte(F6x8[c][i],OLED_DATA);
 194   2                      }
 195   1      }
 196          //m^n函数
 197          u32 oled_pow(u8 m,u8 n)
 198          {
 199   1              u32 result=1;
 200   1              while(n--)result*=m;
 201   1              return result;
 202   1      }
 203          //显示2个数字
 204          //x,y :起点坐标
 205          //len :数字的位数
 206          //size:字体大小
 207          //mode:模式     0,填充模式;1,叠加模式
 208          //num:数值(0~4294967295);
 209          void OLED_ShowNum(u8 x,u8 y,u32 num,u8 len,u8 size2)
 210          {
 211   1              u8 t,temp,wide;
 212   1              u8 enshow=0;
 213   1              if(size2==16)wide=8;
 214   1              else wide=6;
 215   1              for(t=0;t<len;t++)
 216   1              {
 217   2                      temp=(num/oled_pow(10,len-t-1))%10;
 218   2                      if(enshow==0&&t<(len-1))
 219   2                      {
 220   3                              if(temp==0)
 221   3                              {
 222   4                                      OLED_ShowChar(x+wide*t,y,' ',size2);
 223   4                                      continue;
 224   4                              }else enshow=1;
 225   3      
 226   3                      }
 227   2                      OLED_ShowChar(x+wide*t,y,temp+'0',size2);
 228   2              }
 229   1      }
 230          //显示一个字符号串
 231          void OLED_ShowString(u8 x,u8 y,u8 *chr,u8 Char_Size)
 232          {
 233   1              unsigned char j=0;
 234   1              while (chr[j]!='\0')
 235   1              {
 236   2                      OLED_ShowChar(x,y,chr[j],Char_Size);
 237   2                      if(Char_Size== 8)x+=6;
 238   2                      else x+=8;
 239   2                      if(x>120)
C51 COMPILER V9.57.0.0   OLED                                                              04/01/2023 21:39:36 PAGE 5   

 240   2                      {
 241   3                              x=0;
 242   3                              if(Char_Size==8)y+=1;
 243   3                              else y+=2;
 244   3                      }
 245   2                      j++;
 246   2              }
 247   1      }
 248          
 249          //初始化SSD1306
 250          void OLED_Init(void)
 251          {
 252   1      
 253   1              OLED_WR_Byte(0xAE,OLED_CMD);//--display off
 254   1              OLED_WR_Byte(0x02,OLED_CMD);//---set low column address
 255   1              OLED_WR_Byte(0x10,OLED_CMD);//---set high column address
 256   1              OLED_WR_Byte(0x40,OLED_CMD);//--set start line address
 257   1              OLED_WR_Byte(0xB0,OLED_CMD);//--set page address
 258   1              OLED_WR_Byte(0x81,OLED_CMD); // contract control
 259   1              OLED_WR_Byte(0x80,OLED_CMD);//--128
 260   1              OLED_WR_Byte(0xA1,OLED_CMD);//set segment remap
 261   1              OLED_WR_Byte(0xA6,OLED_CMD);//--normal / reverse
 262   1              OLED_WR_Byte(0xA8,OLED_CMD);//--set multiplex ratio(1 to 64)
 263   1              OLED_WR_Byte(0x3F,OLED_CMD);//--1/64 duty
 264   1              OLED_WR_Byte(0xC8,OLED_CMD);//Com scan direction
 265   1              OLED_WR_Byte(0xD3,OLED_CMD);//-set display offset
 266   1              OLED_WR_Byte(0x00,OLED_CMD);//
 267   1      
 268   1              OLED_WR_Byte(0xD5,OLED_CMD);//set osc division
 269   1              OLED_WR_Byte(0x80,OLED_CMD);//
 270   1      
 271   1      //      OLED_WR_Byte(0xD8,OLED_CMD);//set area color mode off
 272   1      //      OLED_WR_Byte(0x05,OLED_CMD);//
 273   1      
 274   1              OLED_WR_Byte(0xD9,OLED_CMD);//Set Pre-Charge Period
 275   1              OLED_WR_Byte(0xF1,OLED_CMD);//Pre-Charge 15 Clocks & Discharge 1 Clock
 276   1      
 277   1              OLED_WR_Byte(0xDA,OLED_CMD);//set com pin configuartion
 278   1              OLED_WR_Byte(0x12,OLED_CMD);//
 279   1      
 280   1              OLED_WR_Byte(0xDB,OLED_CMD);//set Vcomh
 281   1              OLED_WR_Byte(0x30,OLED_CMD);//0.77*Vcc(20H则与SSD1306同为0.77Vcc)
 282   1      
 283   1              OLED_WR_Byte(0x8D,OLED_CMD);//set charge pump enable
 284   1              OLED_WR_Byte(0x14,OLED_CMD);//
 285   1      
 286   1              OLED_WR_Byte(0xAF,OLED_CMD);//--turn on oled panel
 287   1      }
 288          
 289          //OLED的显存存放格式
 290          //[0]0 1 2 3 ... 127
 291          //[1]0 1 2 3 ... 127
 292          //[2]0 1 2 3 ... 127
 293          //[3]0 1 2 3 ... 127
 294          //[4]0 1 2 3 ... 127
 295          //[5]0 1 2 3 ... 127
 296          //[6]0 1 2 3 ... 127
 297          //[7]0 1 2 3 ... 127
 298          //常用ASCII表
 299          //偏移量32
 300          //ASCII字符集
 301          //偏移量32
C51 COMPILER V9.57.0.0   OLED                                                              04/01/2023 21:39:36 PAGE 6   

 302          //大小:12*6
 303          /************************************6*8的点阵************************************/
 304          const unsigned char code F6x8[][6] =
 305          {
 306          0x00, 0x00, 0x00, 0x00, 0x00, 0x00,// sp
 307          0x00, 0x00, 0x00, 0x2f, 0x00, 0x00,// !
 308          0x00, 0x00, 0x07, 0x00, 0x07, 0x00,// "
 309          0x00, 0x14, 0x7f, 0x14, 0x7f, 0x14,// #
 310          0x00, 0x24, 0x2a, 0x7f, 0x2a, 0x12,// $
 311          0x00, 0x62, 0x64, 0x08, 0x13, 0x23,// %
 312          0x00, 0x36, 0x49, 0x55, 0x22, 0x50,// &
 313          0x00, 0x00, 0x05, 0x03, 0x00, 0x00,// '
 314          0x00, 0x00, 0x1c, 0x22, 0x41, 0x00,// (
 315          0x00, 0x00, 0x41, 0x22, 0x1c, 0x00,// )
 316          0x00, 0x14, 0x08, 0x3E, 0x08, 0x14,// *
 317          0x00, 0x08, 0x08, 0x3E, 0x08, 0x08,// +
 318          0x00, 0x00, 0x00, 0xA0, 0x60, 0x00,// ,
 319          0x00, 0x08, 0x08, 0x08, 0x08, 0x08,// -
 320          0x00, 0x00, 0x60, 0x60, 0x00, 0x00,// .
 321          0x00, 0x20, 0x10, 0x08, 0x04, 0x02,// /
 322          0x00, 0x3E, 0x51, 0x49, 0x45, 0x3E,// 0
 323          0x00, 0x00, 0x42, 0x7F, 0x40, 0x00,// 1
 324          0x00, 0x42, 0x61, 0x51, 0x49, 0x46,// 2
 325          0x00, 0x21, 0x41, 0x45, 0x4B, 0x31,// 3
 326          0x00, 0x18, 0x14, 0x12, 0x7F, 0x10,// 4
 327          0x00, 0x27, 0x45, 0x45, 0x45, 0x39,// 5
 328          0x00, 0x3C, 0x4A, 0x49, 0x49, 0x30,// 6
 329          0x00, 0x01, 0x71, 0x09, 0x05, 0x03,// 7
 330          0x00, 0x36, 0x49, 0x49, 0x49, 0x36,// 8
 331          0x00, 0x06, 0x49, 0x49, 0x29, 0x1E,// 9
 332          0x00, 0x00, 0x36, 0x36, 0x00, 0x00,// :
 333          0x00, 0x00, 0x56, 0x36, 0x00, 0x00,// ;
 334          0x00, 0x08, 0x14, 0x22, 0x41, 0x00,// <
 335          0x00, 0x14, 0x14, 0x14, 0x14, 0x14,// =
 336          0x00, 0x00, 0x41, 0x22, 0x14, 0x08,// >
 337          0x00, 0x02, 0x01, 0x51, 0x09, 0x06,// ?
 338          0x00, 0x32, 0x49, 0x59, 0x51, 0x3E,// @
 339          0x00, 0x7C, 0x12, 0x11, 0x12, 0x7C,// A
 340          0x00, 0x7F, 0x49, 0x49, 0x49, 0x36,// B
 341          0x00, 0x3E, 0x41, 0x41, 0x41, 0x22,// C
 342          0x00, 0x7F, 0x41, 0x41, 0x22, 0x1C,// D
 343          0x00, 0x7F, 0x49, 0x49, 0x49, 0x41,// E
 344          0x00, 0x7F, 0x09, 0x09, 0x09, 0x01,// F
 345          0x00, 0x3E, 0x41, 0x49, 0x49, 0x7A,// G
 346          0x00, 0x7F, 0x08, 0x08, 0x08, 0x7F,// H
 347          0x00, 0x00, 0x41, 0x7F, 0x41, 0x00,// I
 348          0x00, 0x20, 0x40, 0x41, 0x3F, 0x01,// J
 349          0x00, 0x7F, 0x08, 0x14, 0x22, 0x41,// K
 350          0x00, 0x7F, 0x40, 0x40, 0x40, 0x40,// L
 351          0x00, 0x7F, 0x02, 0x0C, 0x02, 0x7F,// M
 352          0x00, 0x7F, 0x04, 0x08, 0x10, 0x7F,// N
 353          0x00, 0x3E, 0x41, 0x41, 0x41, 0x3E,// O
 354          0x00, 0x7F, 0x09, 0x09, 0x09, 0x06,// P
 355          0x00, 0x3E, 0x41, 0x51, 0x21, 0x5E,// Q
 356          0x00, 0x7F, 0x09, 0x19, 0x29, 0x46,// R
 357          0x00, 0x46, 0x49, 0x49, 0x49, 0x31,// S
 358          0x00, 0x01, 0x01, 0x7F, 0x01, 0x01,// T
 359          0x00, 0x3F, 0x40, 0x40, 0x40, 0x3F,// U
 360          0x00, 0x1F, 0x20, 0x40, 0x20, 0x1F,// V
 361          0x00, 0x3F, 0x40, 0x38, 0x40, 0x3F,// W
 362          0x00, 0x63, 0x14, 0x08, 0x14, 0x63,// X
 363          0x00, 0x07, 0x08, 0x70, 0x08, 0x07,// Y
C51 COMPILER V9.57.0.0   OLED                                                              04/01/2023 21:39:36 PAGE 7   

 364          0x00, 0x61, 0x51, 0x49, 0x45, 0x43,// Z
 365          0x00, 0x00, 0x7F, 0x41, 0x41, 0x00,// [
 366          0x00, 0x55, 0x2A, 0x55, 0x2A, 0x55,// 55
 367          0x00, 0x00, 0x41, 0x41, 0x7F, 0x00,// ]
 368          0x00, 0x04, 0x02, 0x01, 0x02, 0x04,// ^
 369          0x00, 0x40, 0x40, 0x40, 0x40, 0x40,// _
 370          0x00, 0x00, 0x01, 0x02, 0x04, 0x00,// '
 371          0x00, 0x20, 0x54, 0x54, 0x54, 0x78,// a
 372          0x00, 0x7F, 0x48, 0x44, 0x44, 0x38,// b
 373          0x00, 0x38, 0x44, 0x44, 0x44, 0x20,// c
 374          0x00, 0x38, 0x44, 0x44, 0x48, 0x7F,// d
 375          0x00, 0x38, 0x54, 0x54, 0x54, 0x18,// e
 376          0x00, 0x08, 0x7E, 0x09, 0x01, 0x02,// f
 377          0x00, 0x18, 0xA4, 0xA4, 0xA4, 0x7C,// g
 378          0x00, 0x7F, 0x08, 0x04, 0x04, 0x78,// h
 379          0x00, 0x00, 0x44, 0x7D, 0x40, 0x00,// i
 380          0x00, 0x40, 0x80, 0x84, 0x7D, 0x00,// j
 381          0x00, 0x7F, 0x10, 0x28, 0x44, 0x00,// k
 382          0x00, 0x00, 0x41, 0x7F, 0x40, 0x00,// l
 383          0x00, 0x7C, 0x04, 0x18, 0x04, 0x78,// m
 384          0x00, 0x7C, 0x08, 0x04, 0x04, 0x78,// n
 385          0x00, 0x38, 0x44, 0x44, 0x44, 0x38,// o
 386          0x00, 0xFC, 0x24, 0x24, 0x24, 0x18,// p
 387          0x00, 0x18, 0x24, 0x24, 0x18, 0xFC,// q
 388          0x00, 0x7C, 0x08, 0x04, 0x04, 0x08,// r
 389          0x00, 0x48, 0x54, 0x54, 0x54, 0x20,// s
 390          0x00, 0x04, 0x3F, 0x44, 0x40, 0x20,// t
 391          0x00, 0x3C, 0x40, 0x40, 0x20, 0x7C,// u
 392          0x00, 0x1C, 0x20, 0x40, 0x20, 0x1C,// v
 393          0x00, 0x3C, 0x40, 0x30, 0x40, 0x3C,// w
 394          0x00, 0x44, 0x28, 0x10, 0x28, 0x44,// x
 395          0x00, 0x1C, 0xA0, 0xA0, 0xA0, 0x7C,// y
 396          0x00, 0x44, 0x64, 0x54, 0x4C, 0x44,// z
 397          0x14, 0x14, 0x14, 0x14, 0x14, 0x14,// horiz lines
 398          };
 399          /****************************************8*16的点阵************************************/
 400          const unsigned char code F8x16[]=
 401          {
 402            0x00,0x00,0x00,0x00,0x00,0x00,0x00,0x00,0x00,0x00,0x00,0x00,0x00,0x00,0x00,0x00,// 0
 403            0x00,0x00,0x00,0xF8,0x00,0x00,0x00,0x00,0x00,0x00,0x00,0x33,0x30,0x00,0x00,0x00,//! 1
 404            0x00,0x10,0x0C,0x06,0x10,0x0C,0x06,0x00,0x00,0x00,0x00,0x00,0x00,0x00,0x00,0x00,//" 2
 405            0x40,0xC0,0x78,0x40,0xC0,0x78,0x40,0x00,0x04,0x3F,0x04,0x04,0x3F,0x04,0x04,0x00,//# 3
 406            0x00,0x70,0x88,0xFC,0x08,0x30,0x00,0x00,0x00,0x18,0x20,0xFF,0x21,0x1E,0x00,0x00,//$ 4
 407            0xF0,0x08,0xF0,0x00,0xE0,0x18,0x00,0x00,0x00,0x21,0x1C,0x03,0x1E,0x21,0x1E,0x00,//% 5
 408            0x00,0xF0,0x08,0x88,0x70,0x00,0x00,0x00,0x1E,0x21,0x23,0x24,0x19,0x27,0x21,0x10,//& 6
 409            0x10,0x16,0x0E,0x00,0x00,0x00,0x00,0x00,0x00,0x00,0x00,0x00,0x00,0x00,0x00,0x00,//' 7
 410            0x00,0x00,0x00,0xE0,0x18,0x04,0x02,0x00,0x00,0x00,0x00,0x07,0x18,0x20,0x40,0x00,//( 8
 411            0x00,0x02,0x04,0x18,0xE0,0x00,0x00,0x00,0x00,0x40,0x20,0x18,0x07,0x00,0x00,0x00,//) 9
 412            0x40,0x40,0x80,0xF0,0x80,0x40,0x40,0x00,0x02,0x02,0x01,0x0F,0x01,0x02,0x02,0x00,//* 10
 413            0x00,0x00,0x00,0xF0,0x00,0x00,0x00,0x00,0x01,0x01,0x01,0x1F,0x01,0x01,0x01,0x00,//+ 11
 414            0x00,0x00,0x00,0x00,0x00,0x00,0x00,0x00,0x80,0xB0,0x70,0x00,0x00,0x00,0x00,0x00,//, 12
 415            0x00,0x00,0x00,0x00,0x00,0x00,0x00,0x00,0x00,0x01,0x01,0x01,0x01,0x01,0x01,0x01,//- 13
 416            0x00,0x00,0x00,0x00,0x00,0x00,0x00,0x00,0x00,0x30,0x30,0x00,0x00,0x00,0x00,0x00,//. 14
 417            0x00,0x00,0x00,0x00,0x80,0x60,0x18,0x04,0x00,0x60,0x18,0x06,0x01,0x00,0x00,0x00,/// 15
 418            0x00,0xE0,0x10,0x08,0x08,0x10,0xE0,0x00,0x00,0x0F,0x10,0x20,0x20,0x10,0x0F,0x00,//0 16
 419            0x00,0x10,0x10,0xF8,0x00,0x00,0x00,0x00,0x00,0x20,0x20,0x3F,0x20,0x20,0x00,0x00,//1 17
 420            0x00,0x70,0x08,0x08,0x08,0x88,0x70,0x00,0x00,0x30,0x28,0x24,0x22,0x21,0x30,0x00,//2 18
 421            0x00,0x30,0x08,0x88,0x88,0x48,0x30,0x00,0x00,0x18,0x20,0x20,0x20,0x11,0x0E,0x00,//3 19
 422            0x00,0x00,0xC0,0x20,0x10,0xF8,0x00,0x00,0x00,0x07,0x04,0x24,0x24,0x3F,0x24,0x00,//4 20
 423            0x00,0xF8,0x08,0x88,0x88,0x08,0x08,0x00,0x00,0x19,0x21,0x20,0x20,0x11,0x0E,0x00,//5 21
 424            0x00,0xE0,0x10,0x88,0x88,0x18,0x00,0x00,0x00,0x0F,0x11,0x20,0x20,0x11,0x0E,0x00,//6 22
 425            0x00,0x38,0x08,0x08,0xC8,0x38,0x08,0x00,0x00,0x00,0x00,0x3F,0x00,0x00,0x00,0x00,//7 23
C51 COMPILER V9.57.0.0   OLED                                                              04/01/2023 21:39:36 PAGE 8   

 426            0x00,0x70,0x88,0x08,0x08,0x88,0x70,0x00,0x00,0x1C,0x22,0x21,0x21,0x22,0x1C,0x00,//8 24
 427            0x00,0xE0,0x10,0x08,0x08,0x10,0xE0,0x00,0x00,0x00,0x31,0x22,0x22,0x11,0x0F,0x00,//9 25
 428            0x00,0x00,0x00,0xC0,0xC0,0x00,0x00,0x00,0x00,0x00,0x00,0x30,0x30,0x00,0x00,0x00,//: 26
 429            0x00,0x00,0x00,0x80,0x00,0x00,0x00,0x00,0x00,0x00,0x80,0x60,0x00,0x00,0x00,0x00,//; 27
 430            0x00,0x00,0x80,0x40,0x20,0x10,0x08,0x00,0x00,0x01,0x02,0x04,0x08,0x10,0x20,0x00,//< 28
 431            0x40,0x40,0x40,0x40,0x40,0x40,0x40,0x00,0x04,0x04,0x04,0x04,0x04,0x04,0x04,0x00,//= 29
 432            0x00,0x08,0x10,0x20,0x40,0x80,0x00,0x00,0x00,0x20,0x10,0x08,0x04,0x02,0x01,0x00,//> 30
 433            0x00,0x70,0x48,0x08,0x08,0x08,0xF0,0x00,0x00,0x00,0x00,0x30,0x36,0x01,0x00,0x00,//? 31
 434            0xC0,0x30,0xC8,0x28,0xE8,0x10,0xE0,0x00,0x07,0x18,0x27,0x24,0x23,0x14,0x0B,0x00,//@ 32
 435            0x00,0x00,0xC0,0x38,0xE0,0x00,0x00,0x00,0x20,0x3C,0x23,0x02,0x02,0x27,0x38,0x20,//A 33
 436            0x08,0xF8,0x88,0x88,0x88,0x70,0x00,0x00,0x20,0x3F,0x20,0x20,0x20,0x11,0x0E,0x00,//B 34
 437            0xC0,0x30,0x08,0x08,0x08,0x08,0x38,0x00,0x07,0x18,0x20,0x20,0x20,0x10,0x08,0x00,//C 35
 438            0x08,0xF8,0x08,0x08,0x08,0x10,0xE0,0x00,0x20,0x3F,0x20,0x20,0x20,0x10,0x0F,0x00,//D 36
 439            0x08,0xF8,0x88,0x88,0xE8,0x08,0x10,0x00,0x20,0x3F,0x20,0x20,0x23,0x20,0x18,0x00,//E 37
 440            0x08,0xF8,0x88,0x88,0xE8,0x08,0x10,0x00,0x20,0x3F,0x20,0x00,0x03,0x00,0x00,0x00,//F 38
 441            0xC0,0x30,0x08,0x08,0x08,0x38,0x00,0x00,0x07,0x18,0x20,0x20,0x22,0x1E,0x02,0x00,//G 39
 442            0x08,0xF8,0x08,0x00,0x00,0x08,0xF8,0x08,0x20,0x3F,0x21,0x01,0x01,0x21,0x3F,0x20,//H 40
 443            0x00,0x08,0x08,0xF8,0x08,0x08,0x00,0x00,0x00,0x20,0x20,0x3F,0x20,0x20,0x00,0x00,//I 41
 444            0x00,0x00,0x08,0x08,0xF8,0x08,0x08,0x00,0xC0,0x80,0x80,0x80,0x7F,0x00,0x00,0x00,//J 42
 445            0x08,0xF8,0x88,0xC0,0x28,0x18,0x08,0x00,0x20,0x3F,0x20,0x01,0x26,0x38,0x20,0x00,//K 43
 446            0x08,0xF8,0x08,0x00,0x00,0x00,0x00,0x00,0x20,0x3F,0x20,0x20,0x20,0x20,0x30,0x00,//L 44
 447            0x08,0xF8,0xF8,0x00,0xF8,0xF8,0x08,0x00,0x20,0x3F,0x00,0x3F,0x00,0x3F,0x20,0x00,//M 45
 448            0x08,0xF8,0x30,0xC0,0x00,0x08,0xF8,0x08,0x20,0x3F,0x20,0x00,0x07,0x18,0x3F,0x00,//N 46
 449            0xE0,0x10,0x08,0x08,0x08,0x10,0xE0,0x00,0x0F,0x10,0x20,0x20,0x20,0x10,0x0F,0x00,//O 47
 450            0x08,0xF8,0x08,0x08,0x08,0x08,0xF0,0x00,0x20,0x3F,0x21,0x01,0x01,0x01,0x00,0x00,//P 48
 451            0xE0,0x10,0x08,0x08,0x08,0x10,0xE0,0x00,0x0F,0x18,0x24,0x24,0x38,0x50,0x4F,0x00,//Q 49
 452            0x08,0xF8,0x88,0x88,0x88,0x88,0x70,0x00,0x20,0x3F,0x20,0x00,0x03,0x0C,0x30,0x20,//R 50
 453            0x00,0x70,0x88,0x08,0x08,0x08,0x38,0x00,0x00,0x38,0x20,0x21,0x21,0x22,0x1C,0x00,//S 51
 454            0x18,0x08,0x08,0xF8,0x08,0x08,0x18,0x00,0x00,0x00,0x20,0x3F,0x20,0x00,0x00,0x00,//T 52
 455            0x08,0xF8,0x08,0x00,0x00,0x08,0xF8,0x08,0x00,0x1F,0x20,0x20,0x20,0x20,0x1F,0x00,//U 53
 456            0x08,0x78,0x88,0x00,0x00,0xC8,0x38,0x08,0x00,0x00,0x07,0x38,0x0E,0x01,0x00,0x00,//V 54
 457            0xF8,0x08,0x00,0xF8,0x00,0x08,0xF8,0x00,0x03,0x3C,0x07,0x00,0x07,0x3C,0x03,0x00,//W 55
 458            0x08,0x18,0x68,0x80,0x80,0x68,0x18,0x08,0x20,0x30,0x2C,0x03,0x03,0x2C,0x30,0x20,//X 56
 459            0x08,0x38,0xC8,0x00,0xC8,0x38,0x08,0x00,0x00,0x00,0x20,0x3F,0x20,0x00,0x00,0x00,//Y 57
 460            0x10,0x08,0x08,0x08,0xC8,0x38,0x08,0x00,0x20,0x38,0x26,0x21,0x20,0x20,0x18,0x00,//Z 58
 461            0x00,0x00,0x00,0xFE,0x02,0x02,0x02,0x00,0x00,0x00,0x00,0x7F,0x40,0x40,0x40,0x00,//[ 59
 462            0x00,0x0C,0x30,0xC0,0x00,0x00,0x00,0x00,0x00,0x00,0x00,0x01,0x06,0x38,0xC0,0x00,//\ 60
 463            0x00,0x02,0x02,0x02,0xFE,0x00,0x00,0x00,0x00,0x40,0x40,0x40,0x7F,0x00,0x00,0x00,//] 61
 464            0x00,0x00,0x04,0x02,0x02,0x02,0x04,0x00,0x00,0x00,0x00,0x00,0x00,0x00,0x00,0x00,//^ 62
 465            0x00,0x00,0x00,0x00,0x00,0x00,0x00,0x00,0x80,0x80,0x80,0x80,0x80,0x80,0x80,0x80,//_ 63
 466            0x00,0x02,0x02,0x04,0x00,0x00,0x00,0x00,0x00,0x00,0x00,0x00,0x00,0x00,0x00,0x00,//` 64
 467            0x00,0x00,0x80,0x80,0x80,0x80,0x00,0x00,0x00,0x19,0x24,0x22,0x22,0x22,0x3F,0x20,//a 65
 468            0x08,0xF8,0x00,0x80,0x80,0x00,0x00,0x00,0x00,0x3F,0x11,0x20,0x20,0x11,0x0E,0x00,//b 66
 469            0x00,0x00,0x00,0x80,0x80,0x80,0x00,0x00,0x00,0x0E,0x11,0x20,0x20,0x20,0x11,0x00,//c 67
 470            0x00,0x00,0x00,0x80,0x80,0x88,0xF8,0x00,0x00,0x0E,0x11,0x20,0x20,0x10,0x3F,0x20,//d 68
 471            0x00,0x00,0x80,0x80,0x80,0x80,0x00,0x00,0x00,0x1F,0x22,0x22,0x22,0x22,0x13,0x00,//e 69
 472            0x00,0x80,0x80,0xF0,0x88,0x88,0x88,0x18,0x00,0x20,0x20,0x3F,0x20,0x20,0x00,0x00,//f 70
 473            0x00,0x00,0x80,0x80,0x80,0x80,0x80,0x00,0x00,0x6B,0x94,0x94,0x94,0x93,0x60,0x00,//g 71
 474            0x08,0xF8,0x00,0x80,0x80,0x80,0x00,0x00,0x20,0x3F,0x21,0x00,0x00,0x20,0x3F,0x20,//h 72
 475            0x00,0x80,0x98,0x98,0x00,0x00,0x00,0x00,0x00,0x20,0x20,0x3F,0x20,0x20,0x00,0x00,//i 73
 476            0x00,0x00,0x00,0x80,0x98,0x98,0x00,0x00,0x00,0xC0,0x80,0x80,0x80,0x7F,0x00,0x00,//j 74
 477            0x08,0xF8,0x00,0x00,0x80,0x80,0x80,0x00,0x20,0x3F,0x24,0x02,0x2D,0x30,0x20,0x00,//k 75
 478            0x00,0x08,0x08,0xF8,0x00,0x00,0x00,0x00,0x00,0x20,0x20,0x3F,0x20,0x20,0x00,0x00,//l 76
 479            0x80,0x80,0x80,0x80,0x80,0x80,0x80,0x00,0x20,0x3F,0x20,0x00,0x3F,0x20,0x00,0x3F,//m 77
 480            0x80,0x80,0x00,0x80,0x80,0x80,0x00,0x00,0x20,0x3F,0x21,0x00,0x00,0x20,0x3F,0x20,//n 78
 481            0x00,0x00,0x80,0x80,0x80,0x80,0x00,0x00,0x00,0x1F,0x20,0x20,0x20,0x20,0x1F,0x00,//o 79
 482            0x80,0x80,0x00,0x80,0x80,0x00,0x00,0x00,0x80,0xFF,0xA1,0x20,0x20,0x11,0x0E,0x00,//p 80
 483            0x00,0x00,0x00,0x80,0x80,0x80,0x80,0x00,0x00,0x0E,0x11,0x20,0x20,0xA0,0xFF,0x80,//q 81
 484            0x80,0x80,0x80,0x00,0x80,0x80,0x80,0x00,0x20,0x20,0x3F,0x21,0x20,0x00,0x01,0x00,//r 82
 485            0x00,0x00,0x80,0x80,0x80,0x80,0x80,0x00,0x00,0x33,0x24,0x24,0x24,0x24,0x19,0x00,//s 83
 486            0x00,0x80,0x80,0xE0,0x80,0x80,0x00,0x00,0x00,0x00,0x00,0x1F,0x20,0x20,0x00,0x00,//t 84
 487            0x80,0x80,0x00,0x00,0x00,0x80,0x80,0x00,0x00,0x1F,0x20,0x20,0x20,0x10,0x3F,0x20,//u 85
C51 COMPILER V9.57.0.0   OLED                                                              04/01/2023 21:39:36 PAGE 9   

 488            0x80,0x80,0x80,0x00,0x00,0x80,0x80,0x80,0x00,0x01,0x0E,0x30,0x08,0x06,0x01,0x00,//v 86
 489            0x80,0x80,0x00,0x80,0x00,0x80,0x80,0x80,0x0F,0x30,0x0C,0x03,0x0C,0x30,0x0F,0x00,//w 87
 490            0x00,0x80,0x80,0x00,0x80,0x80,0x80,0x00,0x00,0x20,0x31,0x2E,0x0E,0x31,0x20,0x00,//x 88
 491            0x80,0x80,0x80,0x00,0x00,0x80,0x80,0x80,0x80,0x81,0x8E,0x70,0x18,0x06,0x01,0x00,//y 89
 492            0x00,0x80,0x80,0x80,0x80,0x80,0x80,0x00,0x00,0x21,0x30,0x2C,0x22,0x21,0x30,0x00,//z 90
 493            0x00,0x00,0x00,0x00,0x80,0x7C,0x02,0x02,0x00,0x00,0x00,0x00,0x00,0x3F,0x40,0x40,//{ 91
 494            0x00,0x00,0x00,0x00,0xFF,0x00,0x00,0x00,0x00,0x00,0x00,0x00,0xFF,0x00,0x00,0x00,//| 92
 495            0x00,0x02,0x02,0x7C,0x80,0x00,0x00,0x00,0x00,0x40,0x40,0x3F,0x00,0x00,0x00,0x00,//} 93
 496            0x00,0x06,0x01,0x01,0x02,0x02,0x04,0x04,0x00,0x00,0x00,0x00,0x00,0x00,0x00,0x00,//~ 94
 497          };


MODULE INFORMATION:   STATIC OVERLAYABLE
   CODE SIZE        =    966    ----
   CONSTANT SIZE    =   2072    ----
   XDATA SIZE       =   ----    ----
   PDATA SIZE       =   ----    ----
   DATA SIZE        =   ----      31
   IDATA SIZE       =   ----    ----
   BIT SIZE         =   ----    ----
END OF MODULE INFORMATION.


C51 COMPILATION COMPLETE.  0 WARNING(S),  0 ERROR(S)
