C51 COMPILER V9.57.0.0   TIMER                                                             03/27/2023 21:48:32 PAGE 1   


C51 COMPILER V9.57.0.0, COMPILATION OF MODULE TIMER
OBJECT MODULE PLACED IN .\Objects\timer.obj
COMPILER INVOKED BY: D:\keil\keil51\C51\BIN\C51.EXE USER\TIMER\timer.c OPTIMIZE(8,SPEED) BROWSE INCDIR(.\Listings;.\USER
                    -;.\USER\OLED;.\USER\MOTOR;.\USER\TIMER;.\USER\ADC;.\USER\UART;.\USER\EEPROM) DEBUG OBJECTEXTEND PRINT(.\Listings\timer.l
                    -st) OBJECT(.\Objects\timer.obj)

line level    source

   1          #include "stc15w4k.h"
   2          #include "timer.h"
   3          #include <intrins.h>
   4          
   5          bit timer_10ms;
   6          
   7          void DelayMs( unsigned int delay_time)
   8          {
   9   1      unsigned int delay_cnt;
  10   1      while(delay_time--)
  11   1             {
  12   2             for(delay_cnt=0;delay_cnt<200;delay_cnt++)
  13   2                   {
  14   3                   _nop_();_nop_();_nop_();_nop_();_nop_();_nop_();_nop_();_nop_();_nop_();_nop_();_nop_();_nop_
             -();
  15   3                   _nop_();_nop_();_nop_();_nop_();_nop_();_nop_();_nop_();_nop_();_nop_();_nop_();_nop_();_nop_
             -();
  16   3                   _nop_();_nop_();_nop_();_nop_();_nop_();_nop_();_nop_();_nop_();_nop_();_nop_();_nop_();_nop_
             -();
  17   3                   _nop_();_nop_();_nop_();_nop_();_nop_();_nop_();_nop_();_nop_();_nop_();_nop_();_nop_();_nop_
             -();
  18   3                   _nop_();_nop_();_nop_();_nop_();_nop_();_nop_();_nop_();_nop_();_nop_();_nop_();_nop_();_nop_
             -();
  19   3                   _nop_();_nop_();_nop_();_nop_();_nop_();_nop_();_nop_();_nop_();_nop_();_nop_();_nop_();_nop_
             -();
  20   3                   }
  21   2             _nop_();
  22   2             }
  23   1      _nop_();
  24   1      }
  25          
  26          
  27          void Timer1_Init(void)          //10毫秒@24MHz
  28          {
  29   1              AUXR &= 0xBF;                   //定时器时钟12T模式
  30   1              TMOD &= 0x0F;                   //设置定时器模式
  31   1              TMOD |= 0x10;                   //设置定时器模式
  32   1              TL1 = 0xE0;                             //设置定时初始值
  33   1              TH1 = 0xB1;                             //设置定时初始值
  34   1              TF1 = 0;                                //清除TF1标志
  35   1      }
  36          
  37          
  38          void Timer1_isr() interrupt 3
  39          {
  40   1              TR1=0;//关闭定时器1
  41   1              TL1 = 0xE0;                             //设置定时初始值
  42   1              TH1 = 0xB1;                             //设置定时初始值
  43   1              TR1 = 1;                                //定时器1开始计时
  44   1              if(timer_10ms)timer_10ms=1;
  45   1      }
  46          

C51 COMPILER V9.57.0.0   TIMER                                                             03/27/2023 21:48:32 PAGE 2   


MODULE INFORMATION:   STATIC OVERLAYABLE
   CODE SIZE        =    135    ----
   CONSTANT SIZE    =   ----    ----
   XDATA SIZE       =   ----    ----
   PDATA SIZE       =   ----    ----
   DATA SIZE        =   ----    ----
   IDATA SIZE       =   ----    ----
   BIT SIZE         =      1    ----
END OF MODULE INFORMATION.


C51 COMPILATION COMPLETE.  0 WARNING(S),  0 ERROR(S)
